#
# There is insufficient memory for the Java Runtime Environment to continue.
# Native memory allocation (malloc) failed to allocate 1048576 bytes for AllocateHeap
# Possible reasons:
#   The system is out of physical RAM or swap space
#   The process is running with CompressedOops enabled, and the Java Heap may be blocking the growth of the native heap
# Possible solutions:
#   Reduce memory load on the system
#   Increase physical memory or swap space
#   Check if swap backing store is full
#   Decrease Java heap size (-Xmx/-Xms)
#   Decrease number of Java threads
#   Decrease Java thread stack sizes (-Xss)
#   Set larger code cache with -XX:ReservedCodeCacheSize=
#   JVM is running with Unscaled Compressed Oops mode in which the Java heap is
#     placed in the first 4GB address space. The Java Heap base address is the
#     maximum limit for the native heap growth. Please use -XX:HeapBaseMinAddress
#     to set the Java Heap base and to place the Java Heap above 4GB virtual address.
# This output file may be truncated or incomplete.
#
#  Out of Memory Error (memory/allocation.inline.hpp:61), pid=5136, tid=0x0000000000000c60
#
# JRE version:  (8.0_321-b07) (build )
# Java VM: Java HotSpot(TM) 64-Bit Server VM (25.321-b07 mixed mode windows-amd64 compressed oops)
# Failed to write core dump. Minidumps are not enabled by default on client versions of Windows
#

---------------  T H R E A D  ---------------

Current thread (0x0000019479bff000):  JavaThread "Unknown thread" [_thread_in_vm, id=3168, stack(0x00000023e7300000,0x00000023e7400000)]

Stack: [0x00000023e7300000,0x00000023e7400000]
Native frames: (J=compiled Java code, j=interpreted, Vv=VM code, C=native code)
V  [jvm.dll+0x32fc49]
V  [jvm.dll+0x2761a2]
V  [jvm.dll+0x276e4d]
V  [jvm.dll+0x26d7f5]
V  [jvm.dll+0x509d]
V  [jvm.dll+0x3d43b3]
V  [jvm.dll+0x3d4dc8]
V  [jvm.dll+0xfd2ff]
V  [jvm.dll+0x20a8eb]
V  [jvm.dll+0x239417]
V  [jvm.dll+0x162e26]
C  [javaw.exe+0x2322]
C  [javaw.exe+0x16544]
C  [KERNEL32.DLL+0x174b4]
C  [ntdll.dll+0x526a1]


---------------  P R O C E S S  ---------------

Java Threads: ( => current thread )

Other Threads:

=>0x0000019479bff000 (exited) JavaThread "Unknown thread" [_thread_in_vm, id=3168, stack(0x00000023e7300000,0x00000023e7400000)]

VM state:not at safepoint (normal execution)

VM Mutex/Monitor currently owned by a thread: None

heap address: 0x00000000ff000000, size: 16 MB, Compressed Oops mode: 32-bit
Narrow klass base: 0x0000000000000000, Narrow klass shift: 3
Compressed class space size: 1073741824 Address: 0x0000000100000000

Heap:
 PSYoungGen      total 4608K, used 81K [0x00000000ffb00000, 0x0000000100000000, 0x0000000100000000)
  eden space 4096K, 2% used [0x00000000ffb00000,0x00000000ffb147b8,0x00000000fff00000)
  from space 512K, 0% used [0x00000000fff80000,0x00000000fff80000,0x0000000100000000)
  to   space 512K, 0% used [0x00000000fff00000,0x00000000fff00000,0x00000000fff80000)
 ParOldGen       total 11264K, used 0K [0x00000000ff000000, 0x00000000ffb00000, 0x00000000ffb00000)
  object space 11264K, 0% used [0x00000000ff000000,0x00000000ff000000,0x00000000ffb00000)
 Metaspace       used 754K, capacity 4480K, committed 4480K, reserved 1056768K
  class space    used 76K, capacity 384K, committed 384K, reserved 1048576K

Card table byte_map: [0x0000019479cf0000,0x0000019479d00000] byte_map_base: 0x00000194794f8000

Marking Bits: (ParMarkBitMap*) 0x0000000067ad9030
 Begin Bits: [0x0000019479d10000, 0x0000019479d50000)
 End Bits:   [0x0000019479d50000, 0x0000019479d90000)

Polling page: 0x0000019479bc0000

CodeCache: size=245760Kb used=329Kb max_used=329Kb free=245430Kb
 bounds [0x0000019400000000, 0x0000019400270000, 0x000001940f000000]
 total_blobs=58 nmethods=0 adapters=38
 compilation: enabled

Compilation events (0 events):
No events

GC Heap History (0 events):
No events

Deoptimization events (0 events):
No events

Classes redefined (0 events):
No events

Internal exceptions (0 events):
No events

Events (10 events):
Event: 0.041 loading class java/lang/Short
Event: 0.042 loading class java/lang/Short done
Event: 0.042 loading class java/lang/Integer
Event: 0.042 loading class java/lang/Integer done
Event: 0.042 loading class java/lang/Long
Event: 0.042 loading class java/lang/Long done
Event: 0.043 loading class java/lang/NullPointerException
Event: 0.043 loading class java/lang/NullPointerException done
Event: 0.043 loading class java/lang/ArithmeticException
Event: 0.043 loading class java/lang/ArithmeticException done


Dynamic libraries:
0x00007ff6610e0000 - 0x00007ff661127000 	C:\Program Files\Java\jre1.8.0_321\bin\javaw.exe
0x00007ffd99bd0000 - 0x00007ffd99dc8000 	C:\Windows\SYSTEM32\ntdll.dll
0x00007ffd99a10000 - 0x00007ffd99acf000 	C:\Windows\System32\KERNEL32.DLL
0x00007ffd97880000 - 0x00007ffd97b52000 	C:\Windows\System32\KERNELBASE.dll
0x00007ffd99ae0000 - 0x00007ffd99b8e000 	C:\Windows\System32\ADVAPI32.dll
0x00007ffd98f80000 - 0x00007ffd9901e000 	C:\Windows\System32\msvcrt.dll
0x00007ffd983c0000 - 0x00007ffd9845c000 	C:\Windows\System32\sechost.dll
0x00007ffd99330000 - 0x00007ffd99455000 	C:\Windows\System32\RPCRT4.dll
0x00007ffd98460000 - 0x00007ffd98601000 	C:\Windows\System32\USER32.dll
0x00007ffd97310000 - 0x00007ffd97332000 	C:\Windows\System32\win32u.dll
0x00007ffd97d50000 - 0x00007ffd97d7b000 	C:\Windows\System32\GDI32.dll
0x00007ffd97640000 - 0x00007ffd9774f000 	C:\Windows\System32\gdi32full.dll
0x00007ffd97340000 - 0x00007ffd973dd000 	C:\Windows\System32\msvcp_win.dll
0x00007ffd97540000 - 0x00007ffd97640000 	C:\Windows\System32\ucrtbase.dll
0x00007ffd88760000 - 0x00007ffd889fa000 	C:\Windows\WinSxS\amd64_microsoft.windows.common-controls_6595b64144ccf1df_6.0.19041.1110_none_60b5254171f9507e\COMCTL32.dll
0x00007ffd98f40000 - 0x00007ffd98f72000 	C:\Windows\System32\IMM32.DLL
0x00007ffd89820000 - 0x00007ffd89835000 	C:\Program Files\Java\jre1.8.0_321\bin\vcruntime140.dll
0x00007ffd7c480000 - 0x00007ffd7c51b000 	C:\Program Files\Java\jre1.8.0_321\bin\msvcp140.dll
0x00000000672f0000 - 0x0000000067b51000 	C:\Program Files\Java\jre1.8.0_321\bin\server\jvm.dll
0x00007ffd99a00000 - 0x00007ffd99a08000 	C:\Windows\System32\PSAPI.DLL
0x00007ffd91210000 - 0x00007ffd91219000 	C:\Windows\SYSTEM32\WSOCK32.dll
0x00007ffd85b80000 - 0x00007ffd85ba7000 	C:\Windows\SYSTEM32\WINMM.dll
0x00007ffd99090000 - 0x00007ffd990fb000 	C:\Windows\System32\WS2_32.dll
0x00007ffd871a0000 - 0x00007ffd871aa000 	C:\Windows\SYSTEM32\VERSION.dll
0x00007ffd95b10000 - 0x00007ffd95b22000 	C:\Windows\SYSTEM32\kernel.appcore.dll
0x00007ffd88f90000 - 0x00007ffd88fa0000 	C:\Program Files\Java\jre1.8.0_321\bin\verify.dll
0x00007ffd87fc0000 - 0x00007ffd87feb000 	C:\Program Files\Java\jre1.8.0_321\bin\java.dll
0x00007ffd88c30000 - 0x00007ffd88c48000 	C:\Program Files\Java\jre1.8.0_321\bin\zip.dll
0x00007ffd85eb0000 - 0x00007ffd86094000 	C:\Windows\SYSTEM32\dbghelp.dll
0x00007ffd977c0000 - 0x00007ffd97842000 	C:\Windows\System32\bcryptPrimitives.dll

VM Arguments:
jvm_args: -Xmx16m 
java_command: org.eclipse.jdt.internal.launching.support.LibraryDetector
java_class_path (initial): C:\Users\Admin\AppData\Roaming\Code\User\globalStorage\redhat.java\1.15.0\config_ss_win\org.eclipse.osgi\37\0\.cp\lib\launchingsupport.jar
Launcher Type: SUN_STANDARD

Environment Variables:
PATH=C:\Program Files (x86)\Common Files\Oracle\Java\javapath;C:\Windows\system32;C:\Windows;C:\Windows\System32\Wbem;C:\Windows\System32\WindowsPowerShell\v1.0\;C:\Windows\System32\OpenSSH\;C:\MinGW\bin;C:\Program Files\Git\cmd;C:\Users\Admin\AppData\Local\Microsoft\WindowsApps;C:\Users\Admin\AppData\Local\Programs\Microsoft VS Code\bin;C:\Users\Admin\AppData\Local\GitHubDesktop\bin;C:\MinGW\bin;
USERNAME=Admin
OS=Windows_NT
PROCESSOR_IDENTIFIER=Intel64 Family 6 Model 42 Stepping 7, GenuineIntel



---------------  S Y S T E M  ---------------

OS: Windows 10 , 64 bit Build 19041 (10.0.19041.2251)

CPU:total 4 (initial active 4) (2 cores per cpu, 2 threads per core) family 6 model 42 stepping 7, cmov, cx8, fxsr, mmx, sse, sse2, sse3, ssse3, sse4.1, sse4.2, popcnt, avx, aes, clmul, ht, tsc, tscinvbit

Memory: 4k page, physical 4072340k(238272k free), swap 4072340k(81664k free)

vm_info: Java HotSpot(TM) 64-Bit Server VM (25.321-b07) for windows-amd64 JRE (1.8.0_321-b07), built on Dec 15 2021 11:19:20 by "java_re" with MS VC++ 15.9 (VS2017)

time: Thu Mar  9 09:03:27 2023
timezone: Hora oficial do Brasil
elapsed time: 0.406921 seconds (0d 0h 0m 0s)

